2021-10-14 08:13:36 Loading main app package /tmp/.mount_Obsidi7Rnd74/resources/obsidian.asar
2021-10-14 08:13:37 Checking for update using Github
2021-10-14 08:13:37 Success.
2021-10-14 08:13:37 Latest version is 0.12.15
2021-10-14 08:13:37 App is up to date.
2021-10-14 21:40:31 Loading main app package /tmp/.mount_Obsidic4ikCq/resources/obsidian.asar
2021-10-14 21:40:32 Checking for update using Github
2021-10-14 21:40:32 Success.
2021-10-14 21:40:32 Latest version is 0.12.15
2021-10-14 21:40:32 App is up to date.
2021-10-14 22:44:37 Loading main app package /tmp/.mount_obsidiNIJfCI/resources/obsidian.asar
2021-10-14 22:44:38 Checking for update using Github
2021-10-14 22:44:38 Success.
2021-10-14 22:44:38 Latest version is 0.12.15
2021-10-14 22:44:38 App is up to date.
2021-10-15 08:53:14 Loading main app package /tmp/.mount_obsidiZaNlaG/resources/obsidian.asar
2021-10-15 08:53:15 Checking for update using Github
2021-10-15 08:53:15 Success.
2021-10-15 08:53:15 Latest version is 0.12.15
2021-10-15 08:53:15 App is up to date.
2021-10-15 09:07:15 Loading main app package /tmp/.mount_obsidibHdID4/resources/obsidian.asar
2021-10-15 09:07:16 Checking for update using Github
2021-10-15 09:07:16 Success.
2021-10-15 09:07:16 Latest version is 0.12.15
2021-10-15 09:07:16 App is up to date.
2021-10-15 10:07:15 Checking for update using Github
2021-10-15 10:07:15 Success.
2021-10-15 10:07:15 Latest version is 0.12.15
2021-10-15 10:07:15 App is up to date.
2021-10-15 11:07:15 Checking for update using Github
2021-10-15 11:07:15 Success.
2021-10-15 11:07:15 Latest version is 0.12.15
2021-10-15 11:07:15 App is up to date.
2021-10-15 11:22:25 Loading main app package /tmp/.mount_obsidi4ApMiq/resources/obsidian.asar
2021-10-15 11:22:26 Checking for update using Github
2021-10-15 11:22:26 Success.
2021-10-15 11:22:26 Latest version is 0.12.15
2021-10-15 11:22:26 App is up to date.
2021-10-15 11:23:13 Loading main app package /tmp/.mount_obsidiIb48A8/resources/obsidian.asar
2021-10-15 11:23:13 Checking for update using Github
2021-10-15 11:23:13 Success.
2021-10-15 11:23:13 Latest version is 0.12.15
2021-10-15 11:23:13 App is up to date.
